<?xml version="1.0" encoding="utf-8"?><testsuites name="pytest tests"><testsuite name="pytest" errors="0" failures="0" skipped="0" tests="30" time="20.116" timestamp="2026-07-24T00:59:42.836125+00:00" hostname="agent-env-0981138c-9ebc-4322-bc54-5bb09a022b99"><testcase classname="backend.tests.test_mikate_api" name="test_root_message" time="0.229" /><testcase classname="backend.tests.test_mikate_api" name="test_products_list" time="0.050" /><testcase classname="backend.tests.test_mikate_api" name="test_testimonials_list" time="0.059" /><testcase classname="backend.tests.test_mikate_api" name="test_create_order_success" time="0.377" /><testcase classname="backend.tests.test_mikate_api" name="test_create_order_empty_body_422" time="0.051" /><testcase classname="backend.tests.test_mikate_api" name="test_create_order_empty_items_422" time="0.058" /><testcase classname="backend.tests.test_mikate_api" name="test_list_orders_contains_created" time="0.059" /><testcase classname="backend.tests.test_preferred_delivery_date" name="test_create_regular_order_with_preferred_date" time="0.366" /><testcase classname="backend.tests.test_preferred_delivery_date" name="test_create_regular_order_without_preferred_date_null" time="0.152" /><testcase classname="backend.tests.test_preferred_delivery_date" name="test_event_order_ignores_preferred_delivery_date" time="0.139" /><testcase classname="backend.tests.test_preferred_delivery_date" name="test_admin_login_ok" time="0.103" /><testcase classname="backend.tests.test_pricing_and_delivery" name="test_mikate_has_three_options_with_new_prices[mikate-sucre]" time="0.139" /><testcase classname="backend.tests.test_pricing_and_delivery" name="test_mikate_has_three_options_with_new_prices[mikate-sale]" time="0.000" /><testcase classname="backend.tests.test_pricing_and_delivery" name="test_mikate_has_three_options_with_new_prices[mikate-sucre-impalpable]" time="0.000" /><testcase classname="backend.tests.test_pricing_and_delivery" name="test_mikate_has_three_options_with_new_prices[mikate-chocolat]" time="0.000" /><testcase classname="backend.tests.test_pricing_and_delivery" name="test_mikate_has_three_options_with_new_prices[mikate-cannelle]" time="0.000" /><testcase classname="backend.tests.test_pricing_and_delivery" name="test_mikate_has_three_options_with_new_prices[mikate-arachide]" time="0.000" /><testcase classname="backend.tests.test_pricing_and_delivery" name="test_juice_is_300ml_at_5cad[bissap-royal]" time="0.000" /><testcase classname="backend.tests.test_pricing_and_delivery" name="test_juice_is_300ml_at_5cad[jus-tropical]" time="0.000" /><testcase classname="backend.tests.test_pricing_and_delivery" name="test_juice_is_300ml_at_5cad[jus-gingembre]" time="0.000" /><testcase classname="backend.tests.test_pricing_and_delivery" name="test_combo_decouverte_10cad_bissap_300ml" time="0.000" /><testcase classname="backend.tests.test_pricing_and_delivery" name="test_combo_gingembre_9cad_gingembre_300ml" time="0.000" /><testcase classname="backend.tests.test_pricing_and_delivery" name="test_catalog_has_no_355ml_or_old_juice_prices" time="0.000" /><testcase classname="backend.tests.test_pricing_and_delivery" name="test_nancy_returns_new_prices_no_355ml" time="4.528" /><testcase classname="backend.tests.test_pricing_and_delivery" name="test_nancy_delivery_answer_mentions_sorel_tracy_local_scope" time="4.269" /><testcase classname="backend.tests.test_pricing_and_delivery" name="test_order_with_new_unit_prices_persists" time="0.272" /><testcase classname="backend.tests.test_two_tier_delivery" name="test_products_pricing_regression" time="0.142" /><testcase classname="backend.tests.test_two_tier_delivery" name="test_nancy_montreal_answer_mentions_events_or_large_orders" time="3.861" /><testcase classname="backend.tests.test_two_tier_delivery" name="test_nancy_small_order_mentions_30_minimum" time="4.868" /><testcase classname="backend.tests.test_two_tier_delivery" name="test_order_submit_regression" time="0.284" /></testsuite></testsuites>