<?xml version="1.0" encoding="utf-8"?><testsuites name="pytest tests"><testsuite name="pytest" errors="0" failures="0" skipped="0" tests="15" time="10.276" timestamp="2026-07-24T00:36:14.450046+00:00" hostname="agent-env-0981138c-9ebc-4322-bc54-5bb09a022b99"><testcase classname="backend.tests.test_pricing_and_delivery" name="test_mikate_has_three_options_with_new_prices[mikate-sucre]" time="0.179" /><testcase classname="backend.tests.test_pricing_and_delivery" name="test_mikate_has_three_options_with_new_prices[mikate-sale]" time="0.000" /><testcase classname="backend.tests.test_pricing_and_delivery" name="test_mikate_has_three_options_with_new_prices[mikate-sucre-impalpable]" time="0.000" /><testcase classname="backend.tests.test_pricing_and_delivery" name="test_mikate_has_three_options_with_new_prices[mikate-chocolat]" time="0.000" /><testcase classname="backend.tests.test_pricing_and_delivery" name="test_mikate_has_three_options_with_new_prices[mikate-cannelle]" time="0.000" /><testcase classname="backend.tests.test_pricing_and_delivery" name="test_mikate_has_three_options_with_new_prices[mikate-arachide]" time="0.000" /><testcase classname="backend.tests.test_pricing_and_delivery" name="test_juice_is_300ml_at_5cad[bissap-royal]" time="0.000" /><testcase classname="backend.tests.test_pricing_and_delivery" name="test_juice_is_300ml_at_5cad[jus-tropical]" time="0.000" /><testcase classname="backend.tests.test_pricing_and_delivery" name="test_juice_is_300ml_at_5cad[jus-gingembre]" time="0.000" /><testcase classname="backend.tests.test_pricing_and_delivery" name="test_combo_decouverte_10cad_bissap_300ml" time="0.000" /><testcase classname="backend.tests.test_pricing_and_delivery" name="test_combo_gingembre_9cad_gingembre_300ml" time="0.000" /><testcase classname="backend.tests.test_pricing_and_delivery" name="test_catalog_has_no_355ml_or_old_juice_prices" time="0.000" /><testcase classname="backend.tests.test_pricing_and_delivery" name="test_nancy_returns_new_prices_no_355ml" time="5.724" /><testcase classname="backend.tests.test_pricing_and_delivery" name="test_nancy_delivery_answer_local_sorel_tracy" time="3.977" /><testcase classname="backend.tests.test_pricing_and_delivery" name="test_order_with_new_unit_prices_persists" time="0.303" /></testsuite></testsuites>