<?xml version="1.0" encoding="utf-8"?><testsuites name="pytest tests"><testsuite name="pytest" errors="0" failures="0" skipped="0" tests="11" time="1.639" timestamp="2026-07-24T00:22:30.603160+00:00" hostname="agent-env-0981138c-9ebc-4322-bc54-5bb09a022b99"><testcase classname="backend.tests.test_mikate_api" name="test_root_message" time="0.135" /><testcase classname="backend.tests.test_mikate_api" name="test_products_list" time="0.047" /><testcase classname="backend.tests.test_mikate_api" name="test_testimonials_list" time="0.048" /><testcase classname="backend.tests.test_mikate_api" name="test_create_order_success" time="0.314" /><testcase classname="backend.tests.test_mikate_api" name="test_create_order_empty_body_422" time="0.045" /><testcase classname="backend.tests.test_mikate_api" name="test_create_order_empty_items_422" time="0.045" /><testcase classname="backend.tests.test_mikate_api" name="test_list_orders_contains_created" time="0.048" /><testcase classname="backend.tests.test_preferred_delivery_date" name="test_create_regular_order_with_preferred_date" time="0.411" /><testcase classname="backend.tests.test_preferred_delivery_date" name="test_create_regular_order_without_preferred_date_null" time="0.175" /><testcase classname="backend.tests.test_preferred_delivery_date" name="test_event_order_ignores_preferred_delivery_date" time="0.154" /><testcase classname="backend.tests.test_preferred_delivery_date" name="test_admin_login_ok" time="0.143" /></testsuite></testsuites>